Space_Exploration/build/app/intermediates/manifest_merge_blame_file/debug/manifest-merger-blame-debug-report.txt
1<?xml version="1.0" encoding="utf-8"?>
2<manifest xmlns:android="http://schemas.android.com/apk/res/android"
3    package="com.example.nasa_project"
4    android:versionCode="1"
5    android:versionName="1.0.0" >
6
7    <uses-sdk
8        android:minSdkVersion="21"
9        android:targetSdkVersion="34" />
10    <!--
11         The INTERNET permission is required for development. Specifically,
12         the Flutter tool needs it to communicate with the running application
13         to allow setting breakpoints, to provide hot reload, etc.
14    -->
15    <uses-permission android:name="android.permission.INTERNET" />
15-->src\main\AndroidManifest.xml:59:5-66
15-->src\main\AndroidManifest.xml:59:22-64
16    <!--
17     Required to query activities that can process text, see:
18         https://developer.android.com/training/package-visibility and
19         https://developer.android.com/reference/android/content/Intent#ACTION_PROCESS_TEXT.
20
21         In particular, this is used by the Flutter engine in io.flutter.plugin.text.ProcessTextPlugin.
22    -->
23    <queries>
23-->src\main\AndroidManifest.xml:52:5-57:15
24        <intent>
24-->src\main\AndroidManifest.xml:53:9-56:18
25            <action android:name="android.intent.action.PROCESS_TEXT" />
25-->src\main\AndroidManifest.xml:54:13-72
25-->src\main\AndroidManifest.xml:54:21-70
26
27            <data android:mimeType="text/plain" />
27-->src\main\AndroidManifest.xml:55:13-50
27-->src\main\AndroidManifest.xml:55:19-48
28        </intent>
29    </queries>
30
31    <uses-permission android:name="android.permission.WRITE_EXTERNAL_STORAGE" />
31-->src\main\AndroidManifest.xml:60:5-80
31-->src\main\AndroidManifest.xml:60:22-78
32
33    <permission
33-->[androidx.core:core:1.13.1] AndroidManifest.xml:22:5-24:47
34        android:name="com.example.nasa_project.DYNAMIC_RECEIVER_NOT_EXPORTED_PERMISSION"
34-->[androidx.core:core:1.13.1] AndroidManifest.xml:23:9-81
35        android:protectionLevel="signature" />
35-->[androidx.core:core:1.13.1] AndroidManifest.xml:24:9-44
36
37    <uses-permission android:name="com.example.nasa_project.DYNAMIC_RECEIVER_NOT_EXPORTED_PERMISSION" />
37-->[androidx.core:core:1.13.1] AndroidManifest.xml:26:5-97
37-->[androidx.core:core:1.13.1] AndroidManifest.xml:26:22-94
38
39    <application
40        android:name="android.app.Application"
41        android:appComponentFactory="androidx.core.app.CoreComponentFactory"
41-->[androidx.core:core:1.13.1] AndroidManifest.xml:28:18-86
42        android:debuggable="true"
43        android:icon="@mipmap/launcher_icon"
44        android:label="Space Exploration" >
45        <activity
46            android:name="com.example.nasa_project.MainActivity"
47            android:configChanges="orientation|keyboardHidden|keyboard|screenSize|smallestScreenSize|locale|layoutDirection|fontScale|screenLayout|density|uiMode"
48            android:exported="true"
49            android:hardwareAccelerated="true"
50            android:launchMode="singleTop"
51            android:screenOrientation="portrait"
52            android:taskAffinity=""
53            android:theme="@style/LaunchTheme"
54            android:windowSoftInputMode="adjustResize" >
55
56            <!--
57                 Specifies an Android theme to apply to this Activity as soon as
58                 the Android process has started. This theme is visible to the user
59                 while the Flutter UI initializes. After that, this theme continues
60                 to determine the Window background behind the Flutter UI.
61            -->
62            <meta-data
63                android:name="io.flutter.embedding.android.NormalTheme"
64                android:resource="@style/NormalTheme" />
65
66            <intent-filter>
67                <action android:name="android.intent.action.MAIN" />
68
69                <category android:name="android.intent.category.LAUNCHER" />
70            </intent-filter>
71        </activity>
72        <!--
73             Don't delete the meta-data below.
74             This is used by the Flutter tool to generate GeneratedPluginRegistrant.java
75        -->
76        <meta-data
77            android:name="flutterEmbedding"
78            android:value="2" />
79
80        <!-- Outras atividades também podem ser definidas como retrato por padrão -->
81        <activity
82            android:name="com.example.nasa_project.OtherActivity"
83            android:screenOrientation="portrait" />
84
85        <!-- Permite todas as orientações para a tela de zoom da imagem -->
86        <activity
87            android:name="com.example.nasa_project.ImageZoomActivity"
88            android:screenOrientation="unspecified" >
89        </activity>
90
91        <uses-library
91-->[androidx.window:window:1.2.0] AndroidManifest.xml:23:9-25:40
92            android:name="androidx.window.extensions"
92-->[androidx.window:window:1.2.0] AndroidManifest.xml:24:13-54
93            android:required="false" />
93-->[androidx.window:window:1.2.0] AndroidManifest.xml:25:13-37
94        <uses-library
94-->[androidx.window:window:1.2.0] AndroidManifest.xml:26:9-28:40
95            android:name="androidx.window.sidecar"
95-->[androidx.window:window:1.2.0] AndroidManifest.xml:27:13-51
96            android:required="false" />
96-->[androidx.window:window:1.2.0] AndroidManifest.xml:28:13-37
97
98        <provider
98-->[androidx.lifecycle:lifecycle-process:2.7.0] AndroidManifest.xml:24:9-32:20
99            android:name="androidx.startup.InitializationProvider"
99-->[androidx.lifecycle:lifecycle-process:2.7.0] AndroidManifest.xml:25:13-67
100            android:authorities="com.example.nasa_project.androidx-startup"
100-->[androidx.lifecycle:lifecycle-process:2.7.0] AndroidManifest.xml:26:13-68
101            android:exported="false" >
101-->[androidx.lifecycle:lifecycle-process:2.7.0] AndroidManifest.xml:27:13-37
102            <meta-data
102-->[androidx.lifecycle:lifecycle-process:2.7.0] AndroidManifest.xml:29:13-31:52
103                android:name="androidx.lifecycle.ProcessLifecycleInitializer"
103-->[androidx.lifecycle:lifecycle-process:2.7.0] AndroidManifest.xml:30:17-78
104                android:value="androidx.startup" />
104-->[androidx.lifecycle:lifecycle-process:2.7.0] AndroidManifest.xml:31:17-49
105            <meta-data
105-->[androidx.profileinstaller:profileinstaller:1.3.1] AndroidManifest.xml:29:13-31:52
106                android:name="androidx.profileinstaller.ProfileInstallerInitializer"
106-->[androidx.profileinstaller:profileinstaller:1.3.1] AndroidManifest.xml:30:17-85
107                android:value="androidx.startup" />
107-->[androidx.profileinstaller:profileinstaller:1.3.1] AndroidManifest.xml:31:17-49
108        </provider>
109
110        <receiver
110-->[androidx.profileinstaller:profileinstaller:1.3.1] AndroidManifest.xml:34:9-52:20
111            android:name="androidx.profileinstaller.ProfileInstallReceiver"
111-->[androidx.profileinstaller:profileinstaller:1.3.1] AndroidManifest.xml:35:13-76
112            android:directBootAware="false"
112-->[androidx.profileinstaller:profileinstaller:1.3.1] AndroidManifest.xml:36:13-44
113            android:enabled="true"
113-->[androidx.profileinstaller:profileinstaller:1.3.1] AndroidManifest.xml:37:13-35
114            android:exported="true"
114-->[androidx.profileinstaller:profileinstaller:1.3.1] AndroidManifest.xml:38:13-36
115            android:permission="android.permission.DUMP" >
115-->[androidx.profileinstaller:profileinstaller:1.3.1] AndroidManifest.xml:39:13-57
116            <intent-filter>
116-->[androidx.profileinstaller:profileinstaller:1.3.1] AndroidManifest.xml:40:13-42:29
117                <action android:name="androidx.profileinstaller.action.INSTALL_PROFILE" />
117-->[androidx.profileinstaller:profileinstaller:1.3.1] AndroidManifest.xml:41:17-91
117-->[androidx.profileinstaller:profileinstaller:1.3.1] AndroidManifest.xml:41:25-88
118            </intent-filter>
119            <intent-filter>
119-->[androidx.profileinstaller:profileinstaller:1.3.1] AndroidManifest.xml:43:13-45:29
120                <action android:name="androidx.profileinstaller.action.SKIP_FILE" />
120-->[androidx.profileinstaller:profileinstaller:1.3.1] AndroidManifest.xml:44:17-85
120-->[androidx.profileinstaller:profileinstaller:1.3.1] AndroidManifest.xml:44:25-82
121            </intent-filter>
122            <intent-filter>
122-->[androidx.profileinstaller:profileinstaller:1.3.1] AndroidManifest.xml:46:13-48:29
123                <action android:name="androidx.profileinstaller.action.SAVE_PROFILE" />
123-->[androidx.profileinstaller:profileinstaller:1.3.1] AndroidManifest.xml:47:17-88
123-->[androidx.profileinstaller:profileinstaller:1.3.1] AndroidManifest.xml:47:25-85
124            </intent-filter>
125            <intent-filter>
125-->[androidx.profileinstaller:profileinstaller:1.3.1] AndroidManifest.xml:49:13-51:29
126                <action android:name="androidx.profileinstaller.action.BENCHMARK_OPERATION" />
126-->[androidx.profileinstaller:profileinstaller:1.3.1] AndroidManifest.xml:50:17-95
126-->[androidx.profileinstaller:profileinstaller:1.3.1] AndroidManifest.xml:50:25-92
127            </intent-filter>
128        </receiver>
129    </application>
130
131</manifest>